razorpay/build/outputs/mapping/debug/seeds.txt
com.razorpay.sampleapp.R$dimen: int compat_control_corner_material
com.razorpay.sampleapp.R$style: int TextAppearance_Compat_Notification_Title
com.razorpay.sampleapp.R$style: int TextAppearance_Compat_Notification
com.razorpay.sampleapp.R$style: int Widget_Compat_NotificationActionContainer
com.razorpay.sampleapp.databinding.ActivityPaymentBinding: com.razorpay.sampleapp.databinding.ActivityPaymentBinding inflate(android.view.LayoutInflater)
com.razorpay.sampleapp.R$styleable: int FontFamily_fontProviderCerts
com.razorpay.sampleapp.R$id: int accessibility_custom_action_24
com.razorpay.sampleapp.R$drawable: int green_button
com.razorpay.sampleapp.R$id: int center_vertical
com.razorpay.sampleapp.R$id: int accessibility_custom_action_15
com.razorpay.sampleapp.R$layout: int rzp_magic_base
com.razorpay.sampleapp.R$id: int action_divider
com.razorpay.sampleapp.R$styleable: int GradientColor_android_gradientRadius
com.razorpay.sampleapp.R$styleable: int GradientColor_android_tileMode
com.razorpay.sampleapp.R$styleable: int CoordinatorLayout_Layout_layout_dodgeInsetEdges
com.razorpay.sampleapp.R$drawable: int rzp_white_border_black_bg
com.razorpay.sampleapp.R$styleable: int LoadingImageView_imageAspectRatio
com.razorpay.sampleapp.R$styleable: int FontFamilyFont_android_font
com.razorpay.sampleapp.R$attr: int fontProviderPackage
com.razorpay.sampleapp.databinding.ActivityPaymentBinding: android.widget.RelativeLayout getRoot()
com.razorpay.sampleapp.R$id: int line3
com.razorpay.sampleapp.R$color: int common_google_signin_btn_text_light_disabled
com.razorpay.sampleapp.R$styleable: int FontFamilyFont_ttcIndex
com.razorpay.sampleapp.R$color: int common_google_signin_btn_text_dark_pressed
com.razorpay.sampleapp.R$drawable: int notification_template_icon_low_bg
com.razorpay.sampleapp.R$color: int common_google_signin_btn_text_light
com.razorpay.sampleapp.R$color: R$color()
com.razorpay.sampleapp.R$attr: int layout_behavior
com.razorpay.sampleapp.R$styleable: int FontFamilyFont_fontWeight
com.razorpay.sampleapp.R$attr: int fontProviderCerts
com.razorpay.sampleapp.R$string: int common_signin_button_text_long
com.razorpay.sampleapp.R$drawable: int rzp_green_button
com.razorpay.sampleapp.R$id: int accessibility_custom_action_7
com.razorpay.sampleapp.R$id: int start
com.razorpay.sampleapp.R$id: int tag_accessibility_actions
com.razorpay.sampleapp.R$id: int tag_accessibility_clickable_spans
com.razorpay.sampleapp.R$style: int Widget_Support_CoordinatorLayout
com.razorpay.sampleapp.R$id: int auto
com.razorpay.sampleapp.R$string: int common_google_play_services_updating_text
com.razorpay.sampleapp.R$styleable: int GradientColorItem_android_color
com.razorpay.sampleapp.R$style: int Widget_Compat_NotificationActionText
com.razorpay.sampleapp.R$id: int italic
com.razorpay.sampleapp.BuildConfig: java.lang.String BUILD_TYPE
com.razorpay.sampleapp.R$id: int accessibility_custom_action_12
com.razorpay.sampleapp.R$drawable: int common_google_signin_btn_text_dark_normal
com.razorpay.sampleapp.R$id: int progressBar
com.razorpay.sampleapp.R$drawable: int common_full_open_on_phone
com.razorpay.sampleapp.R$id: int rzp_theMainMagicView
com.razorpay.sampleapp.R$dimen: int notification_right_icon_size
com.razorpay.sampleapp.R$id: int wide
com.razorpay.sampleapp.R$id: int fill
com.razorpay.sampleapp.R$drawable: int common_google_signin_btn_icon_dark_normal
com.razorpay.sampleapp.kotlin.PaymentActivity: void onCreate(android.os.Bundle)
com.razorpay.sampleapp.R$string: R$string()
com.razorpay.sampleapp.R$id: int left
com.razorpay.sampleapp.R$string: int common_google_play_services_notification_channel_name
com.razorpay.sampleapp.R$styleable: int[] LoadingImageView
com.razorpay.sampleapp.R$string: int common_google_play_services_wear_update_text
com.razorpay.sampleapp.R$id: int center_horizontal
com.razorpay.sampleapp.R$drawable: int rzp_border_bottom
com.razorpay.sampleapp.R$styleable: int GradientColor_android_startColor
...
com.razorpay.BaseCheckoutActivity: void showToast(java.lang.String,int)
com.razorpay.R$styleable: int[] FontFamilyFont
com.razorpay.CheckoutPresenterImpl: boolean isAllowRotation()
com.razorpay.CheckoutConstants: java.lang.String RAZORPAY_SIGNATURE
com.razorpay.R$bool
com.razorpay.AnalyticsConstants: java.lang.String SECONDARY_TO_PRIMARY
com.razorpay.RazorpayExceptionHandler$1: RazorpayExceptionHandler$1(com.razorpay.RazorpayExceptionHandler,java.lang.Throwable)
com.razorpay.CheckoutPresenterImpl: void onError(org.json.JSONObject)
android.support.v4.graphics.drawable.IconCompatParcelizer: void write(androidx.core.graphics.drawable.IconCompat,androidx.versionedparcelable.VersionedParcel)
com.razorpay.Lumberjack: void addPaymentProperty(java.lang.String,java.lang.Object)
com.razorpay.RzpInternalCallback: void onPaymentError(int,java.lang.String)
com.razorpay.CheckoutBridge$15: CheckoutBridge$15(com.razorpay.CheckoutBridge,java.lang.String)
com.razorpay.CheckoutConstants: java.lang.String DASH_OPTIONS
com.google.android.gms.common.api.GoogleApiActivity
com.razorpay.RzpAssist$5
com.razorpay.BaseConfig: java.lang.String mLumberjackSdkIdentifier
com.razorpay.PluginCheckoutBridge$1: void unSecure()
com.razorpay.CircularProgressView: float INDETERMINANT_MIN_SWEEP
com.razorpay.CheckoutBridge$14: com.razorpay.CheckoutBridge this$0
com.razorpay.CheckoutPresenter: void onPageFinished(int,android.webkit.WebView,java.lang.String)
com.razorpay.R$id: int rzp_outerbox
com.razorpay.AnalyticsConstants: java.lang.String WIDTH
com.razorpay.R$attr: int layout_behavior
com.razorpay.CheckoutBridge$14: CheckoutBridge$14(com.razorpay.CheckoutBridge)
com.razorpay.BaseConstants: java.lang.String VALIDATION_EMAIL_FAILED
com.razorpay.AnalyticsConstants: java.lang.String DENSITY
com.razorpay.R$style
com.razorpay.R$id: int icon_only
com.razorpay.BaseUtils$3: void onResult(java.lang.String)
com.razorpay.CheckoutPresenterImpl: void startSmsRetrieverForSavedCardsOTP()
com.razorpay.CheckoutPresenterImpl$CheckoutView: void showProgressBar(int)
com.razorpay.BaseCheckoutActivity: int UPI_REQUEST_CODE
com.razorpay.AndroidBug5497Workaround: int restoreHeight
com.razorpay.BaseConfig: void setAnalyticsConfig(org.json.JSONObject)
com.razorpay.BaseConstants: java.lang.String KEY_MISSING_EXCEPTION
com.razorpay.AnalyticsEvent: com.razorpay.AnalyticsEvent SMS_PERMISSION_ALREADY_GRANTED_BY_MERCHANT
com.razorpay.Checkout$1: void onReceivedError(android.webkit.WebView,int,java.lang.String,java.lang.String)
com.razorpay.R$styleable: int FontFamilyFont_android_fontStyle
com.razorpay.BaseUtils: boolean checkUpiRegisteredApp(android.content.Context,java.lang.String)
com.razorpay.CheckoutPresenterImpl$15$1: void onPositiveButtonClick()
com.razorpay.CheckoutConstants
com.razorpay.Logger: void d(java.lang.String)
com.razorpay.RzpAssist: org.json.JSONObject paymentData
com.razorpay.R$string: int status_bar_notification_info_overflow
com.razorpay.AnalyticsUtil: java.lang.String localPaymentId
com.razorpay.CheckoutConstants: java.lang.String APP_TOKEN
com.razorpay.ResponseObject: java.lang.String getResponseResult()
com.razorpay.Config: void fetchConfig(android.content.Context,java.lang.String)
com.razorpay.R$dimen: int compat_notification_large_icon_max_height
com.razorpay.R$id: int icon
com.razorpay.CircularProgressView$5: com.razorpay.CircularProgressView this$0
com.razorpay.AnalyticsConstants: java.lang.String UNCAUGHT
com.razorpay.CheckoutBridge: void setPaymentID(java.lang.String)
com.razorpay.AnalyticsConstants: java.lang.String ERROR_DESCRIPTION
com.razorpay.PluginCheckoutInteractor
com.razorpay.CheckoutActivity: void loadData(int,java.lang.String,java.lang.String,java.lang.String)
com.razorpay.AnalyticsConstants: java.lang.String NETWORK_4G
com.razorpay.CheckoutPresenterImpl$9: java.lang.String val$errorParam
com.razorpay.AnalyticsConstants: java.lang.String ABORT
com.razorpay.AutoOtpConstants: java.lang.String EXTRA_MESSAGE