razorpay/build/outputs/mapping/debug/mapping.txt
# compiler: R8
# compiler_version: 2.1.86
# min_api: 19
# pg_map_id: ccfde72
# common_typos_disable
com.razorpay.sampleapp.kotlin.-$$Lambda$PaymentActivity$Z6gge-1k77Vw5GjI9DiYOL8UxLk -> com.razorpay.sampleapp.kotlin.a:
    com.razorpay.sampleapp.kotlin.PaymentActivity f$0 -> a
com.razorpay.sampleapp.kotlin.PaymentActivity -> com.razorpay.sampleapp.kotlin.PaymentActivity:
    void lambda$Z6gge-1k77Vw5GjI9DiYOL8UxLk(com.razorpay.sampleapp.kotlin.PaymentActivity,android.view.View) -> a
...
com.google.android.gms.common.wrappers.Wrappers -> b.b.a.a.b.m.b:
    com.google.android.gms.common.wrappers.Wrappers zzhz -> b
    com.google.android.gms.common.wrappers.PackageManagerWrapper zzhy -> a
    1:1:com.google.android.gms.common.wrappers.PackageManagerWrapper zzi(android.content.Context):0:0 -> a
    1:1:com.google.android.gms.common.wrappers.PackageManagerWrapper packageManager(android.content.Context):0 -> a
com.google.android.gms.common.zza -> b.b.a.a.b.n:
    1:1:int com.google.android.gms.common.internal.safeparcel.SafeParcelReader.readHeader(android.os.Parcel):0:0 -> createFromParcel
    1:1:java.lang.Object createFromParcel(android.os.Parcel):0 -> createFromParcel
    2:2:java.lang.Object createFromParcel(android.os.Parcel):0:0 -> createFromParcel
com.google.android.gms.common.zzb -> b.b.a.a.b.o:
    1:1:int com.google.android.gms.common.internal.safeparcel.SafeParcelReader.readHeader(android.os.Parcel):0:0 -> createFromParcel
    1:1:java.lang.Object createFromParcel(android.os.Parcel):0 -> createFromParcel
    2:2:java.lang.Object createFromParcel(android.os.Parcel):0:0 -> createFromParcel
com.google.android.gms.common.zzc -> b.b.a.a.b.p:
    android.content.Context zzp -> a
    void zza(android.content.Context) -> a
com.google.android.gms.common.zze -> b.b.a.a.b.q:
    int zzt -> a
    1:1:int hashCode():0:0 -> equals
    1:1:boolean equals(java.lang.Object):0 -> equals
    2:2:boolean equals(java.lang.Object):0:0 -> equals
    byte[] getBytes() -> f
    byte[] zza(java.lang.String) -> g
    1:1:int hashCode():0:0 -> n
    1:1:int zzc():0 -> n
    com.google.android.gms.dynamic.IObjectWrapper zzb() -> o
com.google.android.gms.common.zzf -> b.b.a.a.b.r:
    byte[] zzu -> b
    byte[] getBytes() -> f
com.google.android.gms.common.zzg -> b.b.a.a.b.s:
    java.lang.ref.WeakReference zzw -> c
    java.lang.ref.WeakReference zzv -> b
    byte[] getBytes() -> f
    byte[] zzd() -> l
com.google.android.gms.common.zzh -> b.b.a.a.b.t:
    com.google.android.gms.common.zze[] zzx -> a
com.google.android.gms.common.zzi -> b.b.a.a.b.u:
    byte[] zzd() -> l
com.google.android.gms.common.zzj -> b.b.a.a.b.v:
    byte[] zzd() -> l
com.google.android.gms.dynamic.IObjectWrapper -> b.b.a.a.c.a:
com.google.android.gms.dynamic.ObjectWrapper -> b.b.a.a.c.b:
    java.lang.Object zzib -> a
    1:1:void com.google.android.gms.dynamic.IObjectWrapper$Stub.<init>():0:0 -> <init>
    1:1:void <init>(java.lang.Object):0 -> <init>
    2:2:void <init>(java.lang.Object):0:0 -> <init>
    1:1:java.lang.Object unwrap(com.google.android.gms.dynamic.IObjectWrapper):0:0 -> f
    com.google.android.gms.dynamic.IObjectWrapper wrap(java.lang.Object) -> g
com.google.android.gms.internal.auth-api-phone.zzd -> b.b.a.a.d.a.a:
    int $r8$clinit -> a